<?xml version="1.0" encoding="UTF-8"?>
<!-- Generated by org.testng.reporters.JUnitReportReporter -->
<testsuite hostname="DESKTOP-12E22QK" name="com.dummy.scripts.dummyscipt_Test" tests="1" failures="0" timestamp="30 Oct 2021 20:04:06 GMT" time="24.131" errors="0">
  <testcase name="stepdefinitions" time="24.131" classname="com.dummy.scripts.dummyscipt_Test"/>
</testsuite> <!-- com.dummy.scripts.dummyscipt_Test -->
